<?xml version="1.0" encoding="UTF-8"?>
<!-- Generated by org.testng.reporters.JUnitReportReporter -->
<testsuite hostname="DESKTOP-D94NR9Q" failures="0" tests="1" name="MavenJenkins.UITest" time="66.986" errors="0" timestamp="2022-12-24T18:05:40 IST" skipped="0">
  <testcase classname="MavenJenkins.UITest" name="OpenURL" time="66.986"/>
  <system-out/>
</testsuite> <!-- MavenJenkins.UITest -->
